<?xml version="1.0" encoding="UTF-8"?>
<!-- Generated by org.testng.reporters.JUnitXMLReporter -->
<testsuite ignored="0" hostname="DESKTOP-36E45VO" failures="0" tests="12" name="Test1" time="150.241" errors="0" timestamp="2024-07-12T21:06:27 IST">
  <testcase classname="TestLayer.Loginpage" name="loginFunctionality" time="6.657"/>
  <testcase classname="TestLayer.HomePage" name="HomepageTitle" time="0.021"/>
  <testcase classname="TestLayer.HomePage" name="HomepageURL" time="0.015"/>
  <testcase classname="TestLayer.HomePage" name="PIMpage" time="1.997"/>
  <testcase classname="TestLayer.HomePage" name="AddEmployee" time="15.61"/>
  <testcase classname="TestLayer.HomePage" name="AddEmployee" time="16.25"/>
  <testcase classname="TestLayer.HomePage" name="AddEmployee" time="17.362"/>
  <testcase classname="TestLayer.HomePage" name="AddEmployee" time="15.808"/>
  <testcase classname="TestLayer.HomePage" name="AddEmployee" time="16.092"/>
  <testcase classname="TestLayer.HomePage" name="AddEmployee" time="16.22"/>
  <testcase classname="TestLayer.HomePage" name="AddEmployee" time="16.477"/>
  <testcase classname="TestLayer.HomePage" name="AddEmployee" time="16.559"/>
</testsuite> <!-- Test1 -->
