<?xml version="1.0" encoding="UTF-8"?>
<!-- Generated by org.testng.reporters.JUnitXMLReporter -->
<testsuite ignored="0" hostname="DESKTOP-36E45VO" failures="0" tests="12" name="Test3" time="155.254" errors="0" timestamp="2024-07-16T13:22:01 IST">
  <testcase classname="TestLayer.Loginpage" name="loginFunctionality" time="7.748"/>
  <testcase classname="TestLayer.HomePage" name="HomepageTitle" time="0.048"/>
  <testcase classname="TestLayer.HomePage" name="HomepageURL" time="0.04"/>
  <testcase classname="TestLayer.HomePage" name="PIMpage" time="2.292"/>
  <testcase classname="TestLayer.HomePage" name="AddEmployee" time="16.812"/>
  <testcase classname="TestLayer.HomePage" name="AddEmployee" time="16.195"/>
  <testcase classname="TestLayer.HomePage" name="AddEmployee" time="16.933"/>
  <testcase classname="TestLayer.HomePage" name="AddEmployee" time="15.669"/>
  <testcase classname="TestLayer.HomePage" name="AddEmployee" time="16.628"/>
  <testcase classname="TestLayer.HomePage" name="AddEmployee" time="17.228"/>
  <testcase classname="TestLayer.HomePage" name="AddEmployee" time="16.853"/>
  <testcase classname="TestLayer.HomePage" name="AddEmployee" time="16.467"/>
</testsuite> <!-- Test3 -->
