<?xml version="1.0" encoding="UTF-8"?>
<!-- Generated by org.testng.reporters.JUnitXMLReporter -->
<testsuite ignored="0" hostname="DESKTOP-36E45VO" failures="0" tests="12" name="Test3" time="150.073" errors="0" timestamp="2024-07-12T21:06:27 IST">
  <testcase classname="TestLayer.Loginpage" name="loginFunctionality" time="6.659"/>
  <testcase classname="TestLayer.HomePage" name="HomepageTitle" time="0.019"/>
  <testcase classname="TestLayer.HomePage" name="HomepageURL" time="0.054"/>
  <testcase classname="TestLayer.HomePage" name="PIMpage" time="2.002"/>
  <testcase classname="TestLayer.HomePage" name="AddEmployee" time="15.586"/>
  <testcase classname="TestLayer.HomePage" name="AddEmployee" time="16.478"/>
  <testcase classname="TestLayer.HomePage" name="AddEmployee" time="16.087"/>
  <testcase classname="TestLayer.HomePage" name="AddEmployee" time="16.844"/>
  <testcase classname="TestLayer.HomePage" name="AddEmployee" time="16.712"/>
  <testcase classname="TestLayer.HomePage" name="AddEmployee" time="15.655"/>
  <testcase classname="TestLayer.HomePage" name="AddEmployee" time="16.655"/>
  <testcase classname="TestLayer.HomePage" name="AddEmployee" time="16.086"/>
</testsuite> <!-- Test3 -->
